<?xml version="1.0" encoding="UTF-8"?>
<testExecutions version="1">
  <file path="C:\Users\Usuario\Desktop\prueba\src\tests\index.test.js">
    <testCase name="Get Endpoints Get" duration="227"/>
  </file>
</testExecutions>